<?xml version="1.0" encoding="UTF-8"?>
<testsuites>
  <testsuite name="fastlane.lanes">
    
      
      <testcase classname="fastlane.lanes" name="0: Verifying required fastlane version" time="0.000353">
        
      </testcase>
    
      
      <testcase classname="fastlane.lanes" name="1: default_platform" time="0.000291">
        
      </testcase>
    
      
      <testcase classname="fastlane.lanes" name="2: gradle" time="20.42422">
        
      </testcase>
    
      
      <testcase classname="fastlane.lanes" name="3: crashlytics" time="14.353941">
        
          <failure message="/Users/haruta/.rbenv/versions/2.2.3/lib/ruby/gems/2.2.0/gems/fastlane-1.63.1/lib/fastlane/actions/actions_helper.rb:33:in `execute_action'&#10;/Users/haruta/.rbenv/versions/2.2.3/lib/ruby/gems/2.2.0/gems/fastlane-1.63.1/lib/fastlane/runner.rb:129:in `block in execute_action'&#10;/Users/haruta/.rbenv/versions/2.2.3/lib/ruby/gems/2.2.0/gems/fastlane-1.63.1/lib/fastlane/runner.rb:128:in `chdir'&#10;/Users/haruta/.rbenv/versions/2.2.3/lib/ruby/gems/2.2.0/gems/fastlane-1.63.1/lib/fastlane/runner.rb:128:in `execute_action'&#10;/Users/haruta/.rbenv/versions/2.2.3/lib/ruby/gems/2.2.0/gems/fastlane-1.63.1/lib/fastlane/fast_file.rb:149:in `method_missing'&#10;Fastfile:36:in `block (2 levels) in parsing_binding'&#10;/Users/haruta/.rbenv/versions/2.2.3/lib/ruby/gems/2.2.0/gems/fastlane-1.63.1/lib/fastlane/lane.rb:36:in `call'&#10;/Users/haruta/.rbenv/versions/2.2.3/lib/ruby/gems/2.2.0/gems/fastlane-1.63.1/lib/fastlane/lane.rb:36:in `call'&#10;/Users/haruta/.rbenv/versions/2.2.3/lib/ruby/gems/2.2.0/gems/fastlane-1.63.1/lib/fastlane/runner.rb:52:in `block in execute'&#10;/Users/haruta/.rbenv/versions/2.2.3/lib/ruby/gems/2.2.0/gems/fastlane-1.63.1/lib/fastlane/runner.rb:46:in `chdir'&#10;/Users/haruta/.rbenv/versions/2.2.3/lib/ruby/gems/2.2.0/gems/fastlane-1.63.1/lib/fastlane/runner.rb:46:in `execute'&#10;/Users/haruta/.rbenv/versions/2.2.3/lib/ruby/gems/2.2.0/gems/fastlane-1.63.1/lib/fastlane/lane_manager.rb:46:in `cruise_lane'&#10;/Users/haruta/.rbenv/versions/2.2.3/lib/ruby/gems/2.2.0/gems/fastlane-1.63.1/lib/fastlane/command_line_handler.rb:30:in `handle'&#10;/Users/haruta/.rbenv/versions/2.2.3/lib/ruby/gems/2.2.0/gems/fastlane-1.63.1/bin/fastlane:38:in `block (2 levels) in run'&#10;/Users/haruta/.rbenv/versions/2.2.3/lib/ruby/gems/2.2.0/gems/commander-4.3.5/lib/commander/command.rb:178:in `call'&#10;/Users/haruta/.rbenv/versions/2.2.3/lib/ruby/gems/2.2.0/gems/commander-4.3.5/lib/commander/command.rb:178:in `call'&#10;/Users/haruta/.rbenv/versions/2.2.3/lib/ruby/gems/2.2.0/gems/commander-4.3.5/lib/commander/command.rb:153:in `run'&#10;/Users/haruta/.rbenv/versions/2.2.3/lib/ruby/gems/2.2.0/gems/commander-4.3.5/lib/commander/runner.rb:428:in `run_active_command'&#10;/Users/haruta/.rbenv/versions/2.2.3/lib/ruby/gems/2.2.0/gems/fastlane_core-0.36.8/lib/fastlane_core/ui/fastlane_runner.rb:23:in `run!'&#10;/Users/haruta/.rbenv/versions/2.2.3/lib/ruby/gems/2.2.0/gems/commander-4.3.5/lib/commander/delegates.rb:15:in `run!'&#10;/Users/haruta/.rbenv/versions/2.2.3/lib/ruby/gems/2.2.0/gems/fastlane-1.63.1/bin/fastlane:156:in `run'&#10;/Users/haruta/.rbenv/versions/2.2.3/lib/ruby/gems/2.2.0/gems/fastlane-1.63.1/bin/fastlane:162:in `&lt;top (required)&gt;'&#10;/Users/haruta/.rbenv/versions/2.2.3/bin/fastlane:23:in `load'&#10;/Users/haruta/.rbenv/versions/2.2.3/bin/fastlane:23:in `&lt;main&gt;'&#10;&#10;Exit status of command 'java -jar /Users/haruta/Library/CrashlyticsAndroid/crashlytics-devtools.jar -androidRes . -apiKey hoge -apiSecret hoge -uploadDist '/Users/haruta/flowGit/MyApplication/app/build/outputs/apk/app-debug.apk' -androidManifest '/var/folders/zf/jm8c7_xs02j64hqfdl4bz5380000gp/T/xml20160226-70619-54xs67' -betaDistributionNotifications true' was 1 instead of 0.&#10;Picked up _JAVA_OPTIONS: -Dfile.encoding=UTF-8&#10;ERROR - Crashlytics Developer Tools error.&#10;java.lang.IllegalArgumentException: Crashlytics found an invalid API key: hoge. &#10;Check the Crashlytics plugin to make sure that the application has been added successfully! &#10;Contact support@crashlytics.com for assistance.&#10;	at com.crashlytics.tools.android.DeveloperTools.processApiKey(DeveloperTools.java:326)&#10;	at com.crashlytics.tools.android.DeveloperTools.processProperties(DeveloperTools.java:466)&#10;	at com.crashlytics.tools.android.DeveloperTools.processArgs(DeveloperTools.java:299)&#10;	at com.crashlytics.tools.android.DeveloperTools.main(DeveloperTools.java:270)&#10;Exception in thread &quot;main&quot; com.crashlytics.tools.android.exception.PluginException: Crashlytics Developer Tools error.&#10;	at com.crashlytics.tools.android.DeveloperTools.processArgs(DeveloperTools.java:307)&#10;	at com.crashlytics.tools.android.DeveloperTools.main(DeveloperTools.java:270)&#10;Caused by: java.lang.IllegalArgumentException: Crashlytics found an invalid API key: hoge. &#10;Check the Crashlytics plugin to make sure that the application has been added successfully! &#10;Contact support@crashlytics.com for assistance.&#10;	at com.crashlytics.tools.android.DeveloperTools.processApiKey(DeveloperTools.java:326)&#10;	at com.crashlytics.tools.android.DeveloperTools.processProperties(DeveloperTools.java:466)&#10;	at com.crashlytics.tools.android.DeveloperTools.processArgs(DeveloperTools.java:299)&#10;	... 1 more&#10;" />
        
      </testcase>
    
  </testsuite>
</testsuites>
